<?xml version="1.0" encoding="UTF-8"?>
<testsuite name="com.alipay.sofa.ark.boot.mojo.ArkPluginExtensionTest" tests="2" skipped="0" failures="0" errors="0" timestamp="2024-10-28T13:47:43" hostname="B-M4Y6NQL7-2328.local" time="6.458">
  <properties/>
  <testcase name="testSetAndGetValues" classname="com.alipay.sofa.ark.boot.mojo.ArkPluginExtensionTest" time="6.404"/>
  <testcase name="testDefaultValues" classname="com.alipay.sofa.ark.boot.mojo.ArkPluginExtensionTest" time="0.053"/>
  <system-out><![CDATA[Executing Gradle on JVM versions 16 and lower has been deprecated. This will fail with an error in Gradle 9.0. Use JVM 17 or greater to execute Gradle. Projects can continue to use older JVM versions via toolchains. Consult the upgrading guide for further information: https://docs.gradle.org/8.10.2/userguide/upgrading_version_8.html#minimum_daemon_jvm_version
Executing Gradle on JVM versions 16 and lower has been deprecated. This will fail with an error in Gradle 9.0. Use JVM 17 or greater to execute Gradle. Projects can continue to use older JVM versions via toolchains. Consult the upgrading guide for further information: https://docs.gradle.org/8.10.2/userguide/upgrading_version_8.html#minimum_daemon_jvm_version
]]></system-out>
  <system-err><![CDATA[]]></system-err>
</testsuite>
